<?xml version="1.0" encoding="UTF-8"?>
<!-- Generated by org.testng.reporters.JUnitReportReporter -->
<testsuite hostname="LAPTOP-J0U0HG8V" failures="0" tests="1" name="com.ui.test.LoginTest3" time="14.309" errors="0" timestamp="2025-05-15T13:43:10 IST" skipped="0">
  <testcase classname="com.ui.test.LoginTest3" name="loginTest" time="14.309"/>
</testsuite> <!-- com.ui.test.LoginTest3 -->
